# JRE version: OpenJDK Runtime Environment (8.0_242-b01) (build 1.8.0_242-release-1644-b01)
# Java VM: OpenJDK 64-Bit Server VM (25.242-b01 mixed mode windows-amd64 compressed oops)
Heap:
 PSYoungGen      total 596480K, used 125955K [0x00000000d5580000, 0x0000000100000000, 0x0000000100000000)
  eden space 494080K, 20% used [0x00000000d5580000,0x00000000db6fd9a0,0x00000000f3800000)
  from space 102400K, 25% used [0x00000000f3800000,0x00000000f5183350,0x00000000f9c00000)
  to   space 97280K, 0% used [0x00000000fa100000,0x00000000fa100000,0x0000000100000000)
 ParOldGen       total 434176K, used 259414K [0x0000000080000000, 0x000000009a800000, 0x00000000d5580000)
  object space 434176K, 59% used [0x0000000080000000,0x000000008fd558f0,0x000000009a800000)
 Metaspace       used 118993K, capacity 125268K, committed 125656K, reserved 1159168K
  class space    used 15228K, capacity 16505K, committed 16640K, reserved 1048576K
GC Heap History (10 events):
Event: 6687.795 GC heap before
{Heap before GC invocations=34 (full 4):
 PSYoungGen      total 419328K, used 375090K [0x00000000d5580000, 0x00000000f6780000, 0x0000000100000000)
  eden space 370688K, 100% used [0x00000000d5580000,0x00000000ebf80000,0x00000000ebf80000)
  from space 48640K, 9% used [0x00000000ebf80000,0x00000000ec3cca28,0x00000000eef00000)
  to   space 49152K, 0% used [0x00000000f3780000,0x00000000f3780000,0x00000000f6780000)
 ParOldGen       total 244224K, used 132254K [0x0000000080000000, 0x000000008ee80000, 0x00000000d5580000)
  object space 244224K, 54% used [0x0000000080000000,0x0000000088127bc8,0x000000008ee80000)
 Metaspace       used 116689K, capacity 122940K, committed 123096K, reserved 1157120K
  class space    used 15027K, capacity 16297K, committed 16384K, reserved 1048576K
Event: 6687.816 GC heap after
Heap after GC invocations=34 (full 4):
 PSYoungGen      total 483328K, used 9613K [0x00000000d5580000, 0x00000000f6180000, 0x0000000100000000)
  eden space 440320K, 0% used [0x00000000d5580000,0x00000000d5580000,0x00000000f0380000)
  from space 43008K, 22% used [0x00000000f3780000,0x00000000f40e36f8,0x00000000f6180000)
  to   space 48128K, 0% used [0x00000000f0380000,0x00000000f0380000,0x00000000f3280000)
 ParOldGen       total 244224K, used 135789K [0x0000000080000000, 0x000000008ee80000, 0x00000000d5580000)
  object space 244224K, 55% used [0x0000000080000000,0x000000008849b400,0x000000008ee80000)
 Metaspace       used 116689K, capacity 122940K, committed 123096K, reserved 1157120K
  class space    used 15027K, capacity 16297K, committed 16384K, reserved 1048576K
}
Event: 6692.228 GC heap before
{Heap before GC invocations=35 (full 4):
 PSYoungGen      total 483328K, used 449933K [0x00000000d5580000, 0x00000000f6180000, 0x0000000100000000)
  eden space 440320K, 100% used [0x00000000d5580000,0x00000000f0380000,0x00000000f0380000)
  from space 43008K, 22% used [0x00000000f3780000,0x00000000f40e36f8,0x00000000f6180000)
  to   space 48128K, 0% used [0x00000000f0380000,0x00000000f0380000,0x00000000f3280000)
 ParOldGen       total 244224K, used 135789K [0x0000000080000000, 0x000000008ee80000, 0x00000000d5580000)
  object space 244224K, 55% used [0x0000000080000000,0x000000008849b400,0x000000008ee80000)
 Metaspace       used 117454K, capacity 123778K, committed 123992K, reserved 1157120K
  class space    used 15087K, capacity 16354K, committed 16512K, reserved 1048576K
Event: 6692.578 GC heap after
Heap after GC invocations=35 (full 4):
 PSYoungGen      total 488448K, used 48114K [0x00000000d5580000, 0x0000000100000000, 0x0000000100000000)
  eden space 440320K, 0% used [0x00000000d5580000,0x00000000d5580000,0x00000000f0380000)
  from space 48128K, 99% used [0x00000000f0380000,0x00000000f327c9a0,0x00000000f3280000)
  to   space 90112K, 0% used [0x00000000fa800000,0x00000000fa800000,0x0000000100000000)
 ParOldGen       total 244224K, used 227639K [0x0000000080000000, 0x000000008ee80000, 0x00000000d5580000)
  object space 244224K, 93% used [0x0000000080000000,0x000000008de4df08,0x000000008ee80000)
 Metaspace       used 117454K, capacity 123778K, committed 123992K, reserved 1157120K
  class space    used 15087K, capacity 16354K, committed 16512K, reserved 1048576K
}
Event: 6692.579 GC heap before
{Heap before GC invocations=36 (full 5):
 PSYoungGen      total 488448K, used 48114K [0x00000000d5580000, 0x0000000100000000, 0x0000000100000000)
  eden space 440320K, 0% used [0x00000000d5580000,0x00000000d5580000,0x00000000f0380000)
  from space 48128K, 99% used [0x00000000f0380000,0x00000000f327c9a0,0x00000000f3280000)
  to   space 90112K, 0% used [0x00000000fa800000,0x00000000fa800000,0x0000000100000000)
 ParOldGen       total 244224K, used 227639K [0x0000000080000000, 0x000000008ee80000, 0x00000000d5580000)
  object space 244224K, 93% used [0x0000000080000000,0x000000008de4df08,0x000000008ee80000)
 Metaspace       used 117454K, capacity 123778K, committed 123992K, reserved 1157120K
  class space    used 15087K, capacity 16354K, committed 16512K, reserved 1048576K
Event: 6695.865 GC heap after
Heap after GC invocations=36 (full 5):
 PSYoungGen      total 488448K, used 0K [0x00000000d5580000, 0x0000000100000000, 0x0000000100000000)
  eden space 440320K, 0% used [0x00000000d5580000,0x00000000d5580000,0x00000000f0380000)
  from space 48128K, 0% used [0x00000000f0380000,0x00000000f0380000,0x00000000f3280000)
  to   space 90112K, 0% used [0x00000000fa800000,0x00000000fa800000,0x0000000100000000)
 ParOldGen       total 434176K, used 223919K [0x0000000080000000, 0x000000009a800000, 0x00000000d5580000)
  object space 434176K, 51% used [0x0000000080000000,0x000000008daabdf8,0x000000009a800000)
 Metaspace       used 117255K, capacity 123280K, committed 123992K, reserved 1157120K
  class space    used 15016K, capacity 16229K, committed 16512K, reserved 1048576K
}
Event: 6702.287 GC heap before
{Heap before GC invocations=37 (full 5):
 PSYoungGen      total 488448K, used 440320K [0x00000000d5580000, 0x0000000100000000, 0x0000000100000000)
  eden space 440320K, 100% used [0x00000000d5580000,0x00000000f0380000,0x00000000f0380000)
  from space 48128K, 0% used [0x00000000f0380000,0x00000000f0380000,0x00000000f3280000)
  to   space 90112K, 0% used [0x00000000fa800000,0x00000000fa800000,0x0000000100000000)
 ParOldGen       total 434176K, used 223919K [0x0000000080000000, 0x000000009a800000, 0x00000000d5580000)
  object space 434176K, 51% used [0x0000000080000000,0x000000008daabdf8,0x000000009a800000)
 Metaspace       used 117302K, capacity 123352K, committed 124248K, reserved 1157120K
  class space    used 15017K, capacity 16231K, committed 16512K, reserved 1048576K
Event: 6702.945 GC heap after
Heap after GC invocations=37 (full 5):
 PSYoungGen      total 584192K, used 80294K [0x00000000d5580000, 0x0000000100000000, 0x0000000100000000)
  eden space 494080K, 0% used [0x00000000d5580000,0x00000000d5580000,0x00000000f3800000)
  from space 90112K, 89% used [0x00000000fa800000,0x00000000ff6698e8,0x0000000100000000)
  to   space 102400K, 0% used [0x00000000f3800000,0x00000000f3800000,0x00000000f9c00000)
 ParOldGen       total 434176K, used 223927K [0x0000000080000000, 0x000000009a800000, 0x00000000d5580000)
  object space 434176K, 51% used [0x0000000080000000,0x000000008daaddf8,0x000000009a800000)
 Metaspace       used 117302K, capacity 123352K, committed 124248K, reserved 1157120K
  class space    used 15017K, capacity 16231K, committed 16512K, reserved 1048576K
}
Event: 7100.956 GC heap before
{Heap before GC invocations=38 (full 5):
 PSYoungGen      total 584192K, used 574374K [0x00000000d5580000, 0x0000000100000000, 0x0000000100000000)
  eden space 494080K, 100% used [0x00000000d5580000,0x00000000f3800000,0x00000000f3800000)
  from space 90112K, 89% used [0x00000000fa800000,0x00000000ff6698e8,0x0000000100000000)
  to   space 102400K, 0% used [0x00000000f3800000,0x00000000f3800000,0x00000000f9c00000)
 ParOldGen       total 434176K, used 223927K [0x0000000080000000, 0x000000009a800000, 0x00000000d5580000)
  object space 434176K, 51% used [0x0000000080000000,0x000000008daaddf8,0x000000009a800000)
 Metaspace       used 118825K, capacity 125082K, committed 125400K, reserved 1159168K
  class space    used 15217K, capacity 16488K, committed 16640K, reserved 1048576K
Event: 7101.584 GC heap after
Heap after GC invocations=38 (full 5):
 PSYoungGen      total 596480K, used 26124K [0x00000000d5580000, 0x0000000100000000, 0x0000000100000000)
  eden space 494080K, 0% used [0x00000000d5580000,0x00000000d5580000,0x00000000f3800000)
  from space 102400K, 25% used [0x00000000f3800000,0x00000000f5183350,0x00000000f9c00000)
  to   space 97280K, 0% used [0x00000000fa100000,0x00000000fa100000,0x0000000100000000)
 ParOldGen       total 434176K, used 259414K [0x0000000080000000, 0x000000009a800000, 0x00000000d5580000)
  object space 434176K, 59% used [0x0000000080000000,0x000000008fd558f0,0x000000009a800000)
 Metaspace       used 118825K, capacity 125082K, committed 125400K, reserved 1159168K
  class space    used 15217K, capacity 16488K, committed 16640K, reserved 1048576K
}

